# JRE version: OpenJDK Runtime Environment Temurin-17.0.10+7 (17.0.10+7) (build 17.0.10+7)
# Java VM: OpenJDK 64-Bit Server VM Temurin-17.0.10+7 (17.0.10+7, mixed mode, sharing, tiered, compressed oops, compressed class ptrs, g1 gc, windows-amd64)
GC Precious Log:
 CPUs: 4 total, 4 available
 Memory: 16312M
 Large Page Support: Disabled
 NUMA Support: Disabled
 Compressed Oops: Enabled (Zero based)
 Heap Region Size: 2M
 Heap Min Capacity: 8M
 Heap Initial Capacity: 256M
 Heap Max Capacity: 4080M
 Pre-touch: Disabled
 Parallel Workers: 4
 Concurrent Workers: 1
 Concurrent Refinement Workers: 4
 Periodic GC: Disabled
Heap:
 garbage-first heap   total 700416K, used 519168K [0x0000000701000000, 0x0000000800000000)
  region size 2048K, 8 young (16384K), 8 survivors (16384K)
 Metaspace       used 110276K, committed 112000K, reserved 1179648K
  class space    used 15991K, committed 16768K, reserved 1048576K
GC Heap History (20 events):
Event: 32.499 GC heap after
{Heap after GC invocations=33 (full 0):
 garbage-first heap   total 468992K, used 249689K [0x0000000701000000, 0x0000000800000000)
  region size 2048K, 11 young (22528K), 11 survivors (22528K)
 Metaspace       used 95126K, committed 96768K, reserved 1179648K
  class space    used 13841K, committed 14592K, reserved 1048576K
}
Event: 33.699 GC heap before
{Heap before GC invocations=33 (full 0):
 garbage-first heap   total 468992K, used 388953K [0x0000000701000000, 0x0000000800000000)
  region size 2048K, 79 young (161792K), 11 survivors (22528K)
 Metaspace       used 95689K, committed 97280K, reserved 1179648K
  class space    used 13930K, committed 14656K, reserved 1048576K
}
Event: 33.742 GC heap after
{Heap after GC invocations=34 (full 0):
 garbage-first heap   total 661504K, used 280105K [0x0000000701000000, 0x0000000800000000)
  region size 2048K, 10 young (20480K), 10 survivors (20480K)
 Metaspace       used 95689K, committed 97280K, reserved 1179648K
  class space    used 13930K, committed 14656K, reserved 1048576K
}
Event: 35.060 GC heap before
{Heap before GC invocations=34 (full 0):
 garbage-first heap   total 661504K, used 505385K [0x0000000701000000, 0x0000000800000000)
  region size 2048K, 119 young (243712K), 10 survivors (20480K)
 Metaspace       used 96281K, committed 97856K, reserved 1179648K
  class space    used 13993K, committed 14720K, reserved 1048576K
}
Event: 35.085 GC heap after
{Heap after GC invocations=35 (full 0):
 garbage-first heap   total 661504K, used 298998K [0x0000000701000000, 0x0000000800000000)
  region size 2048K, 8 young (16384K), 8 survivors (16384K)
 Metaspace       used 96281K, committed 97856K, reserved 1179648K
  class space    used 13993K, committed 14720K, reserved 1048576K
}
Event: 53.000 GC heap before
{Heap before GC invocations=35 (full 0):
 garbage-first heap   total 661504K, used 522230K [0x0000000701000000, 0x0000000800000000)
  region size 2048K, 114 young (233472K), 8 survivors (16384K)
 Metaspace       used 99790K, committed 101440K, reserved 1179648K
  class space    used 14457K, committed 15168K, reserved 1048576K
}
Event: 53.024 GC heap after
{Heap after GC invocations=36 (full 0):
 garbage-first heap   total 661504K, used 310272K [0x0000000701000000, 0x0000000800000000)
  region size 2048K, 14 young (28672K), 14 survivors (28672K)
 Metaspace       used 99790K, committed 101440K, reserved 1179648K
  class space    used 14457K, committed 15168K, reserved 1048576K
}
Event: 53.770 GC heap before
{Heap before GC invocations=36 (full 0):
 garbage-first heap   total 661504K, used 525312K [0x0000000701000000, 0x0000000800000000)
  region size 2048K, 119 young (243712K), 14 survivors (28672K)
 Metaspace       used 100436K, committed 102080K, reserved 1179648K
  class space    used 14567K, committed 15296K, reserved 1048576K
}
Event: 53.789 GC heap after
{Heap after GC invocations=37 (full 0):
 garbage-first heap   total 661504K, used 307471K [0x0000000701000000, 0x0000000800000000)
  region size 2048K, 10 young (20480K), 10 survivors (20480K)
 Metaspace       used 100436K, committed 102080K, reserved 1179648K
  class space    used 14567K, committed 15296K, reserved 1048576K
}
Event: 54.651 GC heap before
{Heap before GC invocations=37 (full 0):
 garbage-first heap   total 661504K, used 528655K [0x0000000701000000, 0x0000000800000000)
  region size 2048K, 119 young (243712K), 10 survivors (20480K)
 Metaspace       used 104349K, committed 106112K, reserved 1179648K
  class space    used 15269K, committed 16064K, reserved 1048576K
}
Event: 54.672 GC heap after
{Heap after GC invocations=38 (full 0):
 garbage-first heap   total 661504K, used 315279K [0x0000000701000000, 0x0000000800000000)
  region size 2048K, 9 young (18432K), 9 survivors (18432K)
 Metaspace       used 104349K, committed 106112K, reserved 1179648K
  class space    used 15269K, committed 16064K, reserved 1048576K
}
Event: 55.257 GC heap before
{Heap before GC invocations=38 (full 0):
 garbage-first heap   total 661504K, used 538511K [0x0000000701000000, 0x0000000800000000)
  region size 2048K, 119 young (243712K), 9 survivors (18432K)
 Metaspace       used 105247K, committed 106944K, reserved 1179648K
  class space    used 15407K, committed 16192K, reserved 1048576K
}
Event: 55.274 GC heap after
{Heap after GC invocations=39 (full 0):
 garbage-first heap   total 661504K, used 322685K [0x0000000701000000, 0x0000000800000000)
  region size 2048K, 8 young (16384K), 8 survivors (16384K)
 Metaspace       used 105247K, committed 106944K, reserved 1179648K
  class space    used 15407K, committed 16192K, reserved 1048576K
}
Event: 56.052 GC heap before
{Heap before GC invocations=39 (full 0):
 garbage-first heap   total 661504K, used 545917K [0x0000000701000000, 0x0000000800000000)
  region size 2048K, 117 young (239616K), 8 survivors (16384K)
 Metaspace       used 106719K, committed 108416K, reserved 1179648K
  class space    used 15530K, committed 16320K, reserved 1048576K
}
Event: 56.070 GC heap after
{Heap after GC invocations=40 (full 0):
 garbage-first heap   total 661504K, used 326626K [0x0000000701000000, 0x0000000800000000)
  region size 2048K, 10 young (20480K), 10 survivors (20480K)
 Metaspace       used 106719K, committed 108416K, reserved 1179648K
  class space    used 15530K, committed 16320K, reserved 1048576K
}
Event: 59.064 GC heap before
{Heap before GC invocations=40 (full 0):
 garbage-first heap   total 661504K, used 549858K [0x0000000701000000, 0x0000000800000000)
  region size 2048K, 119 young (243712K), 10 survivors (20480K)
 Metaspace       used 110181K, committed 111936K, reserved 1179648K
  class space    used 15983K, committed 16768K, reserved 1048576K
}
Event: 59.100 GC heap after
{Heap after GC invocations=41 (full 0):
 garbage-first heap   total 661504K, used 341114K [0x0000000701000000, 0x0000000800000000)
  region size 2048K, 14 young (28672K), 14 survivors (28672K)
 Metaspace       used 110181K, committed 111936K, reserved 1179648K
  class space    used 15983K, committed 16768K, reserved 1048576K
}
Event: 59.401 GC heap before
{Heap before GC invocations=41 (full 0):
 garbage-first heap   total 661504K, used 547962K [0x0000000701000000, 0x0000000800000000)
  region size 2048K, 115 young (235520K), 14 survivors (28672K)
 Metaspace       used 110268K, committed 112000K, reserved 1179648K
  class space    used 15991K, committed 16768K, reserved 1048576K
}
Event: 59.551 GC heap after
{Heap after GC invocations=42 (full 0):
 garbage-first heap   total 700416K, used 463562K [0x0000000701000000, 0x0000000800000000)
  region size 2048K, 15 young (30720K), 15 survivors (30720K)
 Metaspace       used 110268K, committed 112000K, reserved 1179648K
  class space    used 15991K, committed 16768K, reserved 1048576K
}
Event: 59.667 GC heap before
{Heap before GC invocations=42 (full 0):
 garbage-first heap   total 700416K, used 553674K [0x0000000701000000, 0x0000000800000000)
  region size 2048K, 59 young (120832K), 15 survivors (30720K)
 Metaspace       used 110276K, committed 112000K, reserved 1179648K
  class space    used 15991K, committed 16768K, reserved 1048576K
}

